<?xml version="1.0" ?>
<coverage branch-rate="1" branches-covered="395" branches-valid="395" complexity="0" line-rate="1" lines-covered="896" lines-valid="896" timestamp="1614728201040" version="5.5">
	<!-- Generated by coverage.py: https://coverage.readthedocs.io -->
	<!-- Based on https://raw.githubusercontent.com/cobertura/web/master/htdocs/xml/coverage-04.dtd -->
	<sources>
		<source>/home/runner/work/gender-render/gender-render</source>
	</sources>
	<packages>
		<package branch-rate="1" complexity="0" line-rate="1" name="src">
			<classes>
				<class branch-rate="1" complexity="0" filename="src/__init__.py" line-rate="1" name="__init__.py">
					<methods/>
					<lines>
						<line hits="1" number="2"/>
						<line hits="1" number="21"/>
						<line hits="1" number="22"/>
						<line hits="1" number="24"/>
						<line hits="1" number="25"/>
						<line hits="1" number="27"/>
						<line hits="1" number="28"/>
						<line hits="1" number="29"/>
						<line hits="1" number="34"/>
						<line hits="1" number="40"/>
						<line hits="1" number="41"/>
						<line hits="1" number="42"/>
					</lines>
				</class>
				<class branch-rate="1" complexity="0" filename="src/errors.py" line-rate="1" name="errors.py">
					<methods/>
					<lines>
						<line hits="1" number="6"/>
						<line hits="1" number="8"/>
						<line hits="1" number="11"/>
						<line hits="1" number="14"/>
						<line hits="1" number="19"/>
						<line hits="1" number="21"/>
						<line hits="1" number="26"/>
						<line hits="1" number="28"/>
						<line hits="1" number="33"/>
						<line hits="1" number="35"/>
						<line hits="1" number="38"/>
						<line hits="1" number="40"/>
						<line hits="1" number="43"/>
						<line hits="1" number="46"/>
					</lines>
				</class>
				<class branch-rate="1" complexity="0" filename="src/gender_nouns.py" line-rate="1" name="gender_nouns.py">
					<methods/>
					<lines>
						<line hits="1" number="7"/>
						<line hits="1" number="8"/>
						<line hits="1" number="9"/>
						<line hits="1" number="10"/>
						<line hits="1" number="11"/>
						<line hits="1" number="12"/>
						<line hits="1" number="13"/>
						<line hits="1" number="14"/>
						<line hits="1" number="15"/>
						<line hits="1" number="16"/>
						<line hits="1" number="17"/>
						<line hits="1" number="19"/>
						<line branch="true" condition-coverage="100% (2/2)" hits="1" number="24"/>
						<line hits="1" number="25"/>
						<line hits="1" number="27"/>
						<line hits="1" number="30"/>
						<line hits="1" number="31"/>
						<line hits="1" number="32"/>
						<line hits="1" number="35"/>
						<line hits="1" number="36"/>
						<line hits="1" number="37"/>
						<line hits="1" number="38"/>
						<line hits="1" number="39"/>
						<line hits="1" number="42"/>
						<line hits="1" number="43"/>
						<line hits="1" number="44"/>
						<line hits="1" number="45"/>
						<line hits="1" number="46"/>
						<line hits="1" number="49"/>
						<line branch="true" condition-coverage="100% (2/2)" hits="1" number="54"/>
						<line hits="1" number="55"/>
						<line hits="1" number="57"/>
						<line hits="1" number="60"/>
						<line hits="1" number="61"/>
						<line hits="1" number="62"/>
						<line hits="1" number="63"/>
						<line hits="1" number="66"/>
						<line hits="1" number="67"/>
						<line hits="1" number="68"/>
						<line hits="1" number="69"/>
						<line hits="1" number="72"/>
						<line hits="1" number="76"/>
						<line hits="1" number="77"/>
						<line hits="1" number="78"/>
						<line hits="1" number="79"/>
						<line hits="1" number="80"/>
						<line hits="1" number="81"/>
						<line hits="1" number="82"/>
						<line hits="1" number="83"/>
						<line hits="1" number="84"/>
						<line hits="1" number="85"/>
						<line hits="1" number="86"/>
						<line branch="true" condition-coverage="100% (2/2)" hits="1" number="87"/>
						<line branch="true" condition-coverage="100% (2/2)" hits="1" number="89"/>
						<line branch="true" condition-coverage="100% (2/2)" hits="1" number="90"/>
						<line hits="1" number="92"/>
						<line hits="1" number="94"/>
						<line hits="1" number="96"/>
						<line hits="1" number="98"/>
						<line hits="1" number="100"/>
						<line hits="1" number="102"/>
						<line hits="1" number="105"/>
						<line hits="1" number="106"/>
						<line hits="1" number="109"/>
						<line hits="1" number="111"/>
						<line hits="1" number="113"/>
						<line hits="1" number="115"/>
						<line hits="1" number="117"/>
						<line hits="1" number="119"/>
						<line hits="1" number="124"/>
						<line branch="true" condition-coverage="100% (2/2)" hits="1" number="127"/>
						<line hits="1" number="133"/>
						<line hits="1" number="141"/>
						<line hits="1" number="142"/>
						<line hits="1" number="150"/>
						<line hits="1" number="153"/>
						<line hits="1" number="157"/>
						<line branch="true" condition-coverage="100% (2/2)" hits="1" number="158"/>
						<line branch="true" condition-coverage="100% (2/2)" hits="1" number="159"/>
						<line hits="1" number="160"/>
						<line branch="true" condition-coverage="100% (2/2)" hits="1" number="161"/>
						<line branch="true" condition-coverage="100% (2/2)" hits="1" number="162"/>
						<line branch="true" condition-coverage="100% (2/2)" hits="1" number="163"/>
						<line hits="1" number="164"/>
						<line branch="true" condition-coverage="100% (2/2)" hits="1" number="166"/>
						<line hits="1" number="167"/>
						<line hits="1" number="168"/>
						<line hits="1" number="170"/>
						<line hits="1" number="172"/>
						<line hits="1" number="175"/>
						<line hits="1" number="176"/>
						<line hits="1" number="178"/>
						<line hits="1" number="179"/>
						<line hits="1" number="185"/>
						<line hits="1" number="186"/>
						<line hits="1" number="187"/>
						<line branch="true" condition-coverage="100% (2/2)" hits="1" number="188"/>
						<line branch="true" condition-coverage="100% (2/2)" hits="1" number="189"/>
						<line hits="1" number="190"/>
						<line hits="1" number="191"/>
						<line hits="1" number="193"/>
						<line hits="1" number="194"/>
						<line hits="1" number="203"/>
						<line branch="true" condition-coverage="100% (2/2)" hits="1" number="204"/>
						<line branch="true" condition-coverage="100% (2/2)" hits="1" number="205"/>
						<line hits="1" number="206"/>
						<line hits="1" number="207"/>
						<line hits="1" number="208"/>
						<line hits="1" number="209"/>
						<line hits="1" number="211"/>
						<line hits="1" number="212"/>
						<line hits="1" number="222"/>
						<line hits="1" number="224"/>
						<line branch="true" condition-coverage="100% (2/2)" hits="1" number="225"/>
						<line hits="1" number="226"/>
						<line branch="true" condition-coverage="100% (2/2)" hits="1" number="227"/>
						<line branch="true" condition-coverage="100% (2/2)" hits="1" number="228"/>
						<line hits="1" number="229"/>
						<line branch="true" condition-coverage="100% (2/2)" hits="1" number="230"/>
						<line hits="1" number="231"/>
						<line hits="1" number="232"/>
						<line hits="1" number="233"/>
						<line hits="1" number="235"/>
						<line hits="1" number="236"/>
						<line hits="1" number="238"/>
						<line hits="1" number="239"/>
						<line hits="1" number="242"/>
						<line branch="true" condition-coverage="100% (2/2)" hits="1" number="243"/>
						<line branch="true" condition-coverage="100% (2/2)" hits="1" number="244"/>
						<line branch="true" condition-coverage="100% (2/2)" hits="1" number="245"/>
						<line hits="1" number="246"/>
						<line hits="1" number="248"/>
						<line hits="1" number="249"/>
						<line hits="1" number="255"/>
						<line hits="1" number="256"/>
						<line hits="1" number="258"/>
						<line hits="1" number="259"/>
						<line branch="true" condition-coverage="100% (2/2)" hits="1" number="269"/>
						<line branch="true" condition-coverage="100% (2/2)" hits="1" number="277"/>
						<line branch="true" condition-coverage="100% (2/2)" hits="1" number="278"/>
						<line hits="1" number="279"/>
						<line branch="true" condition-coverage="100% (2/2)" hits="1" number="280"/>
						<line hits="1" number="281"/>
						<line branch="true" condition-coverage="100% (2/2)" hits="1" number="283"/>
						<line hits="1" number="284"/>
						<line hits="1" number="285"/>
						<line hits="1" number="287"/>
						<line hits="1" number="288"/>
						<line hits="1" number="308"/>
						<line hits="1" number="311"/>
						<line hits="1" number="313"/>
						<line branch="true" condition-coverage="100% (2/2)" hits="1" number="319"/>
						<line hits="1" number="321"/>
						<line branch="true" condition-coverage="100% (2/2)" hits="1" number="322"/>
						<line hits="1" number="323"/>
						<line hits="1" number="324"/>
						<line hits="1" number="327"/>
						<line hits="1" number="329"/>
						<line hits="1" number="331"/>
						<line hits="1" number="332"/>
						<line hits="1" number="334"/>
						<line branch="true" condition-coverage="100% (2/2)" hits="1" number="336"/>
						<line hits="1" number="337"/>
						<line branch="true" condition-coverage="100% (2/2)" hits="1" number="338"/>
						<line branch="true" condition-coverage="100% (2/2)" hits="1" number="339"/>
						<line hits="1" number="340"/>
						<line hits="1" number="341"/>
						<line branch="true" condition-coverage="100% (2/2)" hits="1" number="342"/>
						<line hits="1" number="343"/>
						<line hits="1" number="344"/>
						<line hits="1" number="346"/>
						<line hits="1" number="347"/>
						<line branch="true" condition-coverage="100% (2/2)" hits="1" number="349"/>
						<line branch="true" condition-coverage="100% (2/2)" hits="1" number="350"/>
						<line hits="1" number="353"/>
						<line branch="true" condition-coverage="100% (2/2)" hits="1" number="354"/>
						<line branch="true" condition-coverage="100% (2/2)" hits="1" number="355"/>
						<line hits="1" number="356"/>
						<line hits="1" number="358"/>
						<line hits="1" number="361"/>
						<line hits="1" number="364"/>
						<line branch="true" condition-coverage="100% (2/2)" hits="1" number="365"/>
						<line branch="true" condition-coverage="100% (2/2)" hits="1" number="367"/>
						<line hits="1" number="368"/>
						<line hits="1" number="369"/>
						<line hits="1" number="372"/>
						<line hits="1" number="373"/>
						<line hits="1" number="374"/>
						<line branch="true" condition-coverage="100% (2/2)" hits="1" number="376"/>
						<line hits="1" number="378"/>
						<line branch="true" condition-coverage="100% (2/2)" hits="1" number="379"/>
						<line hits="1" number="380"/>
						<line hits="1" number="382"/>
						<line hits="1" number="383"/>
						<line hits="1" number="384"/>
						<line branch="true" condition-coverage="100% (2/2)" hits="1" number="387"/>
						<line branch="true" condition-coverage="100% (2/2)" hits="1" number="388"/>
						<line hits="1" number="389"/>
						<line branch="true" condition-coverage="100% (2/2)" hits="1" number="394"/>
						<line branch="true" condition-coverage="100% (2/2)" hits="1" number="395"/>
						<line branch="true" condition-coverage="100% (2/2)" hits="1" number="396"/>
						<line hits="1" number="397"/>
						<line hits="1" number="398"/>
						<line hits="1" number="401"/>
						<line branch="true" condition-coverage="100% (2/2)" hits="1" number="405"/>
						<line branch="true" condition-coverage="100% (2/2)" hits="1" number="406"/>
						<line hits="1" number="407"/>
						<line hits="1" number="408"/>
						<line hits="1" number="409"/>
						<line hits="1" number="410"/>
						<line hits="1" number="413"/>
						<line hits="1" number="414"/>
						<line hits="1" number="417"/>
						<line branch="true" condition-coverage="100% (2/2)" hits="1" number="418"/>
						<line branch="true" condition-coverage="100% (2/2)" hits="1" number="419"/>
						<line hits="1" number="420"/>
						<line branch="true" condition-coverage="100% (2/2)" hits="1" number="421"/>
						<line branch="true" condition-coverage="100% (2/2)" hits="1" number="422"/>
						<line branch="true" condition-coverage="100% (2/2)" hits="1" number="423"/>
						<line hits="1" number="424"/>
						<line hits="1" number="425"/>
						<line hits="1" number="427"/>
						<line hits="1" number="428"/>
						<line hits="1" number="430"/>
						<line hits="1" number="431"/>
						<line hits="1" number="436"/>
						<line branch="true" condition-coverage="100% (2/2)" hits="1" number="437"/>
						<line branch="true" condition-coverage="100% (2/2)" hits="1" number="438"/>
						<line branch="true" condition-coverage="100% (2/2)" hits="1" number="439"/>
						<line branch="true" condition-coverage="100% (2/2)" hits="1" number="440"/>
						<line hits="1" number="441"/>
						<line hits="1" number="442"/>
						<line hits="1" number="445"/>
						<line hits="1" number="447"/>
						<line hits="1" number="448"/>
						<line hits="1" number="450"/>
						<line hits="1" number="451"/>
						<line hits="1" number="463"/>
						<line hits="1" number="493"/>
						<line hits="1" number="494"/>
						<line branch="true" condition-coverage="100% (2/2)" hits="1" number="495"/>
						<line branch="true" condition-coverage="100% (2/2)" hits="1" number="496"/>
						<line hits="1" number="497"/>
						<line branch="true" condition-coverage="100% (2/2)" hits="1" number="498"/>
						<line branch="true" condition-coverage="100% (2/2)" hits="1" number="499"/>
						<line hits="1" number="502"/>
						<line branch="true" condition-coverage="100% (2/2)" hits="1" number="503"/>
						<line branch="true" condition-coverage="100% (2/2)" hits="1" number="504"/>
						<line branch="true" condition-coverage="100% (2/2)" hits="1" number="506"/>
						<line branch="true" condition-coverage="100% (2/2)" hits="1" number="507"/>
						<line branch="true" condition-coverage="100% (2/2)" hits="1" number="509"/>
						<line hits="1" number="510"/>
						<line hits="1" number="513"/>
						<line hits="1" number="515"/>
						<line branch="true" condition-coverage="100% (2/2)" hits="1" number="516"/>
						<line hits="1" number="517"/>
						<line hits="1" number="518"/>
						<line hits="1" number="520"/>
						<line hits="1" number="522"/>
						<line hits="1" number="523"/>
						<line branch="true" condition-coverage="100% (2/2)" hits="1" number="524"/>
						<line hits="1" number="525"/>
						<line hits="1" number="526"/>
						<line hits="1" number="527"/>
						<line hits="1" number="537"/>
						<line branch="true" condition-coverage="100% (2/2)" hits="1" number="539"/>
						<line hits="1" number="540"/>
						<line hits="1" number="541"/>
						<line branch="true" condition-coverage="100% (2/2)" hits="1" number="547"/>
						<line hits="1" number="548"/>
						<line hits="1" number="549"/>
						<line branch="true" condition-coverage="100% (2/2)" hits="1" number="550"/>
						<line hits="1" number="551"/>
						<line hits="1" number="553"/>
						<line hits="1" number="554"/>
						<line hits="1" number="555"/>
						<line hits="1" number="557"/>
						<line hits="1" number="558"/>
						<line hits="1" number="563"/>
						<line hits="1" number="564"/>
						<line hits="1" number="565"/>
						<line hits="1" number="566"/>
						<line branch="true" condition-coverage="100% (2/2)" hits="1" number="567"/>
						<line branch="true" condition-coverage="100% (2/2)" hits="1" number="568"/>
						<line branch="true" condition-coverage="100% (2/2)" hits="1" number="569"/>
						<line hits="1" number="570"/>
						<line hits="1" number="571"/>
						<line branch="true" condition-coverage="100% (2/2)" hits="1" number="572"/>
						<line hits="1" number="573"/>
						<line branch="true" condition-coverage="100% (2/2)" hits="1" number="574"/>
						<line hits="1" number="575"/>
						<line hits="1" number="576"/>
						<line hits="1" number="581"/>
						<line branch="true" condition-coverage="100% (2/2)" hits="1" number="582"/>
						<line hits="1" number="583"/>
						<line branch="true" condition-coverage="100% (2/2)" hits="1" number="584"/>
						<line hits="1" number="585"/>
						<line hits="1" number="586"/>
						<line hits="1" number="591"/>
						<line branch="true" condition-coverage="100% (2/2)" hits="1" number="593"/>
						<line hits="1" number="594"/>
						<line hits="1" number="595"/>
						<line hits="1" number="596"/>
						<line hits="1" number="598"/>
						<line hits="1" number="599"/>
						<line hits="1" number="601"/>
						<line hits="1" number="602"/>
						<line hits="1" number="603"/>
						<line hits="1" number="604"/>
						<line hits="1" number="606"/>
						<line hits="1" number="608"/>
						<line hits="1" number="609"/>
						<line hits="1" number="613"/>
						<line hits="1" number="614"/>
						<line hits="1" number="615"/>
						<line hits="1" number="617"/>
						<line hits="1" number="618"/>
						<line hits="1" number="619"/>
						<line hits="1" number="620"/>
						<line hits="1" number="622"/>
						<line hits="1" number="623"/>
						<line hits="1" number="624"/>
						<line hits="1" number="625"/>
						<line hits="1" number="627"/>
						<line hits="1" number="628"/>
						<line hits="1" number="629"/>
						<line hits="1" number="630"/>
						<line hits="1" number="632"/>
						<line hits="1" number="633"/>
						<line hits="1" number="634"/>
						<line hits="1" number="639"/>
						<line hits="1" number="640"/>
						<line hits="1" number="641"/>
						<line hits="1" number="642"/>
						<line hits="1" number="643"/>
						<line hits="1" number="644"/>
						<line hits="1" number="645"/>
						<line hits="1" number="646"/>
						<line hits="1" number="651"/>
						<line hits="1" number="654"/>
						<line hits="1" number="658"/>
						<line hits="1" number="659"/>
						<line branch="true" condition-coverage="100% (2/2)" hits="1" number="663"/>
						<line branch="true" condition-coverage="100% (2/2)" hits="1" number="664"/>
						<line hits="1" number="665"/>
						<line branch="true" condition-coverage="100% (2/2)" hits="1" number="667"/>
						<line hits="1" number="668"/>
						<line hits="1" number="671"/>
						<line branch="true" condition-coverage="100% (2/2)" hits="1" number="674"/>
						<line hits="1" number="675"/>
						<line hits="1" number="684"/>
						<line branch="true" condition-coverage="100% (2/2)" hits="1" number="689"/>
						<line hits="1" number="690"/>
						<line hits="1" number="692"/>
						<line branch="true" condition-coverage="100% (2/2)" hits="1" number="695"/>
						<line hits="1" number="696"/>
						<line hits="1" number="697"/>
						<line branch="true" condition-coverage="100% (2/2)" hits="1" number="699"/>
						<line hits="1" number="700"/>
						<line branch="true" condition-coverage="100% (2/2)" hits="1" number="702"/>
						<line hits="1" number="703"/>
						<line hits="1" number="706"/>
						<line branch="true" condition-coverage="100% (2/2)" hits="1" number="708"/>
						<line hits="1" number="709"/>
						<line hits="1" number="711"/>
						<line hits="1" number="712"/>
						<line hits="1" number="714"/>
						<line branch="true" condition-coverage="100% (2/2)" hits="1" number="716"/>
						<line hits="1" number="717"/>
						<line hits="1" number="719"/>
					</lines>
				</class>
				<class branch-rate="1" complexity="0" filename="src/handle_context_values.py" line-rate="1" name="handle_context_values.py">
					<methods/>
					<lines>
						<line hits="1" number="6"/>
						<line hits="1" number="8"/>
						<line hits="1" number="9"/>
						<line hits="1" number="10"/>
						<line hits="1" number="15"/>
						<line hits="1" number="16"/>
						<line hits="1" number="22"/>
						<line hits="1" number="26"/>
						<line hits="1" number="47"/>
						<line hits="1" number="51"/>
						<line hits="1" number="56"/>
						<line hits="1" number="63"/>
						<line hits="1" number="69"/>
						<line hits="1" number="70"/>
						<line branch="true" condition-coverage="100% (2/2)" hits="1" number="76"/>
						<line hits="1" number="77"/>
						<line branch="true" condition-coverage="100% (2/2)" hits="1" number="79"/>
						<line hits="1" number="80"/>
						<line hits="1" number="84"/>
						<line hits="1" number="88"/>
						<line hits="1" number="90"/>
						<line hits="1" number="91"/>
						<line branch="true" condition-coverage="100% (2/2)" hits="1" number="94"/>
						<line branch="true" condition-coverage="100% (2/2)" hits="1" number="95"/>
						<line hits="1" number="96"/>
						<line hits="1" number="97"/>
						<line hits="1" number="99"/>
						<line branch="true" condition-coverage="100% (2/2)" hits="1" number="102"/>
						<line branch="true" condition-coverage="100% (2/2)" hits="1" number="103"/>
						<line hits="1" number="104"/>
						<line hits="1" number="106"/>
						<line hits="1" number="107"/>
						<line branch="true" condition-coverage="100% (2/2)" hits="1" number="110"/>
						<line hits="1" number="111"/>
						<line hits="1" number="112"/>
						<line hits="1" number="117"/>
						<line hits="1" number="118"/>
						<line hits="1" number="121"/>
						<line hits="1" number="123"/>
						<line hits="1" number="124"/>
						<line hits="1" number="127"/>
						<line hits="1" number="129"/>
						<line hits="1" number="130"/>
						<line hits="1" number="133"/>
						<line hits="1" number="135"/>
						<line hits="1" number="136"/>
						<line branch="true" condition-coverage="100% (2/2)" hits="1" number="138"/>
						<line hits="1" number="139"/>
						<line branch="true" condition-coverage="100% (2/2)" hits="1" number="140"/>
						<line hits="1" number="141"/>
						<line hits="1" number="143"/>
						<line hits="1" number="145"/>
						<line hits="1" number="146"/>
						<line branch="true" condition-coverage="100% (2/2)" hits="1" number="151"/>
						<line hits="1" number="152"/>
						<line branch="true" condition-coverage="100% (2/2)" hits="1" number="154"/>
						<line branch="true" condition-coverage="100% (2/2)" hits="1" number="155"/>
						<line hits="1" number="156"/>
						<line hits="1" number="158"/>
						<line hits="1" number="160"/>
						<line hits="1" number="165"/>
					</lines>
				</class>
				<class branch-rate="1" complexity="0" filename="src/parse_pronoun_data.py" line-rate="1" name="parse_pronoun_data.py">
					<methods/>
					<lines>
						<line hits="1" number="5"/>
						<line hits="1" number="6"/>
						<line hits="1" number="8"/>
						<line hits="1" number="9"/>
						<line hits="1" number="10"/>
						<line hits="1" number="15"/>
						<line hits="1" number="18"/>
						<line hits="1" number="19"/>
						<line hits="1" number="21"/>
						<line hits="1" number="22"/>
						<line hits="1" number="23"/>
						<line hits="1" number="24"/>
						<line hits="1" number="25"/>
						<line hits="1" number="27"/>
						<line hits="1" number="28"/>
						<line branch="true" condition-coverage="100% (2/2)" hits="1" number="31"/>
						<line hits="1" number="32"/>
						<line hits="1" number="33"/>
						<line branch="true" condition-coverage="100% (2/2)" hits="1" number="34"/>
						<line branch="true" condition-coverage="100% (2/2)" hits="1" number="35"/>
						<line hits="1" number="36"/>
						<line branch="true" condition-coverage="100% (2/2)" hits="1" number="37"/>
						<line hits="1" number="38"/>
						<line branch="true" condition-coverage="100% (2/2)" hits="1" number="39"/>
						<line branch="true" condition-coverage="100% (2/2)" hits="1" number="40"/>
						<line branch="true" condition-coverage="100% (2/2)" hits="1" number="41"/>
						<line branch="true" condition-coverage="100% (2/2)" hits="1" number="42"/>
						<line hits="1" number="43"/>
						<line branch="true" condition-coverage="100% (2/2)" hits="1" number="45"/>
						<line hits="1" number="46"/>
						<line hits="1" number="48"/>
						<line branch="true" condition-coverage="100% (2/2)" hits="1" number="49"/>
						<line hits="1" number="50"/>
						<line hits="1" number="52"/>
						<line hits="1" number="59"/>
						<line hits="1" number="63"/>
						<line hits="1" number="64"/>
						<line hits="1" number="67"/>
						<line hits="1" number="68"/>
						<line hits="1" number="69"/>
						<line hits="1" number="70"/>
						<line hits="1" number="71"/>
						<line hits="1" number="73"/>
						<line hits="1" number="74"/>
						<line branch="true" condition-coverage="100% (2/2)" hits="1" number="77"/>
						<line hits="1" number="78"/>
						<line hits="1" number="80"/>
						<line hits="1" number="82"/>
						<line hits="1" number="83"/>
						<line hits="1" number="88"/>
						<line branch="true" condition-coverage="100% (2/2)" hits="1" number="89"/>
						<line hits="1" number="90"/>
						<line branch="true" condition-coverage="100% (2/2)" hits="1" number="91"/>
						<line hits="1" number="92"/>
						<line branch="true" condition-coverage="100% (2/2)" hits="1" number="95"/>
						<line hits="1" number="96"/>
						<line branch="true" condition-coverage="100% (2/2)" hits="1" number="102"/>
						<line hits="1" number="103"/>
						<line branch="true" condition-coverage="100% (2/2)" hits="1" number="109"/>
						<line hits="1" number="111"/>
						<line hits="1" number="115"/>
						<line hits="1" number="116"/>
						<line hits="1" number="117"/>
						<line hits="1" number="119"/>
						<line hits="1" number="120"/>
						<line hits="1" number="123"/>
						<line hits="1" number="124"/>
						<line hits="1" number="125"/>
						<line hits="1" number="126"/>
					</lines>
				</class>
				<class branch-rate="1" complexity="0" filename="src/parse_templates.py" line-rate="1" name="parse_templates.py">
					<methods/>
					<lines>
						<line hits="1" number="5"/>
						<line hits="1" number="6"/>
						<line hits="1" number="8"/>
						<line hits="1" number="9"/>
						<line hits="1" number="10"/>
						<line hits="1" number="11"/>
						<line hits="1" number="16"/>
						<line hits="1" number="21"/>
						<line hits="1" number="28"/>
						<line hits="1" number="30"/>
						<line hits="1" number="31"/>
						<line hits="1" number="32"/>
						<line hits="1" number="33"/>
						<line hits="1" number="34"/>
						<line hits="1" number="36"/>
						<line hits="1" number="37"/>
						<line branch="true" condition-coverage="100% (2/2)" hits="1" number="41"/>
						<line hits="1" number="42"/>
						<line branch="true" condition-coverage="100% (2/2)" hits="1" number="43"/>
						<line hits="1" number="44"/>
						<line hits="1" number="46"/>
						<line hits="1" number="48"/>
						<line hits="1" number="49"/>
						<line hits="1" number="54"/>
						<line branch="true" condition-coverage="100% (2/2)" hits="1" number="55"/>
						<line branch="true" condition-coverage="100% (2/2)" hits="1" number="56"/>
						<line hits="1" number="57"/>
						<line hits="1" number="58"/>
						<line hits="1" number="59"/>
						<line hits="1" number="64"/>
						<line hits="1" number="69"/>
						<line hits="1" number="71"/>
						<line hits="1" number="72"/>
						<line hits="1" number="73"/>
						<line hits="1" number="75"/>
						<line hits="1" number="76"/>
						<line hits="1" number="78"/>
						<line hits="1" number="80"/>
						<line hits="1" number="81"/>
						<line hits="1" number="83"/>
						<line hits="1" number="84"/>
						<line hits="1" number="86"/>
						<line hits="1" number="87"/>
						<line hits="1" number="89"/>
						<line hits="1" number="90"/>
						<line hits="1" number="92"/>
						<line hits="1" number="93"/>
						<line hits="1" number="95"/>
						<line hits="1" number="97"/>
						<line hits="1" number="98"/>
						<line hits="1" number="101"/>
						<line hits="1" number="106"/>
						<line branch="true" condition-coverage="100% (2/2)" hits="1" number="110"/>
						<line hits="1" number="176"/>
						<line hits="1" number="177"/>
						<line hits="1" number="181"/>
						<line branch="true" condition-coverage="100% (2/2)" hits="1" number="182"/>
						<line hits="1" number="183"/>
						<line hits="1" number="185"/>
						<line hits="1" number="190"/>
						<line hits="1" number="193"/>
						<line hits="1" number="199"/>
						<line hits="1" number="200"/>
						<line branch="true" condition-coverage="100% (2/2)" hits="1" number="202"/>
						<line hits="1" number="208"/>
						<line hits="1" number="209"/>
						<line branch="true" condition-coverage="100% (2/2)" hits="1" number="211"/>
						<line hits="1" number="216"/>
						<line hits="1" number="217"/>
						<line hits="1" number="222"/>
						<line hits="1" number="225"/>
						<line branch="true" condition-coverage="100% (2/2)" hits="1" number="226"/>
						<line hits="1" number="227"/>
						<line branch="true" condition-coverage="100% (3/3)" hits="1" number="228"/>
						<line branch="true" condition-coverage="100% (2/2)" hits="1" number="229"/>
						<line hits="1" number="230"/>
						<line branch="true" condition-coverage="100% (2/2)" hits="1" number="231"/>
						<line hits="1" number="232"/>
						<line hits="1" number="234"/>
						<line branch="true" condition-coverage="100% (2/2)" hits="1" number="237"/>
						<line branch="true" condition-coverage="100% (2/2)" hits="1" number="238"/>
						<line branch="true" condition-coverage="100% (2/2)" hits="1" number="241"/>
						<line branch="true" condition-coverage="100% (2/2)" hits="1" number="242"/>
						<line hits="1" number="243"/>
						<line hits="1" number="245"/>
						<line branch="true" condition-coverage="100% (2/2)" hits="1" number="248"/>
						<line hits="1" number="249"/>
						<line hits="1" number="251"/>
						<line hits="1" number="257"/>
						<line hits="1" number="265"/>
						<line hits="1" number="266"/>
						<line hits="1" number="280"/>
						<line hits="1" number="281"/>
						<line hits="1" number="282"/>
						<line hits="1" number="283"/>
						<line branch="true" condition-coverage="100% (2/2)" hits="1" number="285"/>
						<line hits="1" number="286"/>
						<line branch="true" condition-coverage="100% (2/2)" hits="1" number="288"/>
						<line hits="1" number="289"/>
						<line hits="1" number="290"/>
						<line hits="1" number="292"/>
						<line hits="1" number="295"/>
						<line hits="1" number="303"/>
						<line branch="true" condition-coverage="100% (2/2)" hits="1" number="304"/>
						<line hits="1" number="305"/>
						<line hits="1" number="306"/>
						<line hits="1" number="307"/>
						<line branch="true" condition-coverage="100% (2/2)" hits="1" number="309"/>
						<line hits="1" number="310"/>
						<line hits="1" number="312"/>
						<line hits="1" number="313"/>
						<line hits="1" number="314"/>
						<line hits="1" number="315"/>
						<line hits="1" number="316"/>
						<line branch="true" condition-coverage="100% (2/2)" hits="1" number="322"/>
						<line hits="1" number="323"/>
						<line branch="true" condition-coverage="100% (2/2)" hits="1" number="325"/>
						<line hits="1" number="326"/>
						<line hits="1" number="329"/>
						<line hits="1" number="331"/>
						<line hits="1" number="332"/>
						<line hits="1" number="335"/>
						<line branch="true" condition-coverage="100% (2/2)" hits="1" number="336"/>
						<line branch="true" condition-coverage="100% (2/2)" hits="1" number="337"/>
						<line hits="1" number="338"/>
						<line branch="true" condition-coverage="100% (2/2)" hits="1" number="339"/>
						<line hits="1" number="340"/>
						<line hits="1" number="342"/>
						<line hits="1" number="343"/>
						<line hits="1" number="349"/>
						<line branch="true" condition-coverage="100% (2/2)" hits="1" number="350"/>
						<line branch="true" condition-coverage="100% (2/2)" hits="1" number="351"/>
						<line branch="true" condition-coverage="100% (2/2)" hits="1" number="352"/>
						<line hits="1" number="355"/>
						<line branch="true" condition-coverage="100% (2/2)" hits="1" number="356"/>
						<line branch="true" condition-coverage="100% (2/2)" hits="1" number="360"/>
						<line hits="1" number="361"/>
						<line hits="1" number="362"/>
						<line hits="1" number="364"/>
						<line hits="1" number="366"/>
						<line hits="1" number="367"/>
						<line branch="true" condition-coverage="100% (2/2)" hits="1" number="372"/>
						<line branch="true" condition-coverage="100% (2/2)" hits="1" number="373"/>
						<line branch="true" condition-coverage="100% (2/2)" hits="1" number="374"/>
						<line branch="true" condition-coverage="100% (2/2)" hits="1" number="375"/>
						<line hits="1" number="376"/>
						<line branch="true" condition-coverage="100% (2/2)" hits="1" number="377"/>
						<line hits="1" number="378"/>
						<line hits="1" number="384"/>
						<line hits="1" number="386"/>
						<line hits="1" number="387"/>
						<line hits="1" number="394"/>
						<line branch="true" condition-coverage="100% (2/2)" hits="1" number="395"/>
						<line branch="true" condition-coverage="100% (2/2)" hits="1" number="396"/>
						<line hits="1" number="397"/>
						<line branch="true" condition-coverage="100% (2/2)" hits="1" number="398"/>
						<line branch="true" condition-coverage="100% (2/2)" hits="1" number="399"/>
						<line hits="1" number="400"/>
						<line hits="1" number="402"/>
						<line hits="1" number="403"/>
						<line hits="1" number="405"/>
						<line hits="1" number="407"/>
						<line hits="1" number="408"/>
						<line hits="1" number="411"/>
						<line branch="true" condition-coverage="100% (2/2)" hits="1" number="412"/>
						<line hits="1" number="413"/>
						<line hits="1" number="414"/>
						<line hits="1" number="416"/>
						<line hits="1" number="417"/>
						<line hits="1" number="419"/>
						<line hits="1" number="420"/>
						<line hits="1" number="421"/>
						<line hits="1" number="422"/>
						<line hits="1" number="423"/>
						<line hits="1" number="424"/>
						<line hits="1" number="425"/>
						<line hits="1" number="427"/>
						<line hits="1" number="428"/>
						<line branch="true" condition-coverage="100% (2/2)" hits="1" number="430"/>
						<line hits="1" number="434"/>
						<line hits="1" number="435"/>
						<line branch="true" condition-coverage="100% (2/2)" hits="1" number="437"/>
						<line hits="1" number="444"/>
						<line hits="1" number="447"/>
						<line hits="1" number="448"/>
						<line branch="true" condition-coverage="100% (2/2)" hits="1" number="449"/>
						<line hits="1" number="454"/>
						<line hits="1" number="455"/>
						<line hits="1" number="459"/>
						<line branch="true" condition-coverage="100% (2/2)" hits="1" number="460"/>
						<line branch="true" condition-coverage="100% (2/2)" hits="1" number="461"/>
						<line hits="1" number="462"/>
						<line hits="1" number="464"/>
						<line hits="1" number="465"/>
					</lines>
				</class>
				<class branch-rate="1" complexity="0" filename="src/pronoun_data_interface.py" line-rate="1" name="pronoun_data_interface.py">
					<methods/>
					<lines>
						<line hits="1" number="5"/>
						<line hits="1" number="7"/>
						<line hits="1" number="8"/>
						<line hits="1" number="14"/>
						<line hits="1" number="16"/>
						<line hits="1" number="19"/>
						<line branch="true" condition-coverage="100% (2/2)" hits="1" number="22"/>
						<line hits="1" number="23"/>
						<line hits="1" number="24"/>
						<line hits="1" number="26"/>
						<line branch="true" condition-coverage="100% (2/2)" hits="1" number="28"/>
						<line hits="1" number="29"/>
						<line branch="true" condition-coverage="100% (2/2)" hits="1" number="31"/>
						<line hits="1" number="32"/>
						<line hits="1" number="34"/>
						<line branch="true" condition-coverage="100% (2/2)" hits="1" number="37"/>
						<line hits="1" number="38"/>
						<line hits="1" number="39"/>
						<line branch="true" condition-coverage="100% (2/2)" hits="1" number="40"/>
						<line hits="1" number="41"/>
						<line hits="1" number="47"/>
						<line hits="1" number="49"/>
						<line hits="1" number="51"/>
					</lines>
				</class>
				<class branch-rate="1" complexity="0" filename="src/render_pipeline.py" line-rate="1" name="render_pipeline.py">
					<methods/>
					<lines>
						<line hits="1" number="6"/>
						<line hits="1" number="7"/>
						<line hits="1" number="9"/>
						<line hits="1" number="10"/>
						<line hits="1" number="11"/>
						<line hits="1" number="12"/>
						<line hits="1" number="13"/>
						<line hits="1" number="14"/>
						<line hits="1" number="17"/>
						<line hits="1" number="19"/>
						<line hits="1" number="20"/>
						<line hits="1" number="34"/>
						<line hits="1" number="37"/>
						<line hits="1" number="38"/>
						<line hits="1" number="41"/>
						<line branch="true" condition-coverage="100% (2/2)" hits="1" number="42"/>
						<line branch="true" condition-coverage="100% (2/2)" hits="1" number="45"/>
						<line hits="1" number="46"/>
						<line branch="true" condition-coverage="100% (2/2)" hits="1" number="47"/>
						<line hits="1" number="48"/>
						<line branch="true" condition-coverage="100% (2/2)" hits="1" number="51"/>
						<line hits="1" number="52"/>
						<line hits="1" number="53"/>
						<line hits="1" number="57"/>
						<line branch="true" condition-coverage="100% (2/2)" hits="1" number="61"/>
						<line branch="true" condition-coverage="100% (2/2)" hits="1" number="64"/>
						<line branch="true" condition-coverage="100% (2/2)" hits="1" number="65"/>
						<line hits="1" number="66"/>
						<line branch="true" condition-coverage="100% (2/2)" hits="1" number="69"/>
						<line branch="true" condition-coverage="100% (2/2)" hits="1" number="70"/>
						<line hits="1" number="71"/>
						<line hits="1" number="74"/>
						<line hits="1" number="78"/>
						<line branch="true" condition-coverage="100% (2/2)" hits="1" number="85"/>
						<line branch="true" condition-coverage="100% (2/2)" hits="1" number="86"/>
						<line hits="1" number="87"/>
						<line hits="1" number="91"/>
						<line branch="true" condition-coverage="100% (2/2)" hits="1" number="95"/>
						<line hits="1" number="96"/>
						<line branch="true" condition-coverage="100% (2/2)" hits="1" number="101"/>
						<line hits="1" number="102"/>
						<line branch="true" condition-coverage="100% (2/2)" hits="1" number="103"/>
						<line branch="true" condition-coverage="100% (2/2)" hits="1" number="104"/>
						<line hits="1" number="105"/>
						<line hits="1" number="107"/>
						<line branch="true" condition-coverage="100% (2/2)" hits="1" number="112"/>
						<line hits="1" number="113"/>
						<line hits="1" number="115"/>
						<line hits="1" number="117"/>
						<line hits="1" number="118"/>
						<line hits="1" number="125"/>
						<line hits="1" number="126"/>
						<line branch="true" condition-coverage="100% (2/2)" hits="1" number="127"/>
						<line hits="1" number="128"/>
						<line branch="true" condition-coverage="100% (2/2)" hits="1" number="129"/>
						<line branch="true" condition-coverage="100% (2/2)" hits="1" number="130"/>
						<line hits="1" number="131"/>
						<line hits="1" number="133"/>
						<line hits="1" number="135"/>
						<line hits="1" number="136"/>
						<line hits="1" number="142"/>
						<line branch="true" condition-coverage="100% (2/2)" hits="1" number="143"/>
						<line branch="true" condition-coverage="100% (2/2)" hits="1" number="144"/>
						<line hits="1" number="145"/>
						<line hits="1" number="147"/>
						<line hits="1" number="148"/>
						<line branch="true" condition-coverage="100% (2/2)" hits="1" number="150"/>
						<line hits="1" number="152"/>
						<line hits="1" number="156"/>
						<line hits="1" number="157"/>
						<line hits="1" number="159"/>
						<line hits="1" number="161"/>
						<line hits="1" number="162"/>
						<line hits="1" number="175"/>
						<line hits="1" number="177"/>
						<line hits="1" number="178"/>
						<line hits="1" number="180"/>
					</lines>
				</class>
				<class branch-rate="1" complexity="0" filename="src/template_interface.py" line-rate="1" name="template_interface.py">
					<methods/>
					<lines>
						<line hits="1" number="5"/>
						<line hits="1" number="6"/>
						<line hits="1" number="7"/>
						<line hits="1" number="8"/>
						<line hits="1" number="13"/>
						<line hits="1" number="16"/>
						<line hits="1" number="21"/>
						<line branch="true" condition-coverage="100% (2/2)" hits="1" number="23"/>
						<line branch="true" condition-coverage="100% (2/2)" hits="1" number="24"/>
						<line hits="1" number="25"/>
						<line hits="1" number="28"/>
						<line hits="1" number="29"/>
						<line hits="1" number="32"/>
						<line hits="1" number="33"/>
						<line hits="1" number="34"/>
						<line hits="1" number="37"/>
						<line hits="1" number="42"/>
						<line hits="1" number="43"/>
						<line hits="1" number="44"/>
					</lines>
				</class>
				<class branch-rate="1" complexity="0" filename="src/warnings.py" line-rate="1" name="warnings.py">
					<methods/>
					<lines>
						<line hits="1" number="24"/>
						<line hits="1" number="25"/>
						<line hits="1" number="26"/>
						<line hits="1" number="27"/>
						<line hits="1" number="32"/>
						<line hits="1" number="35"/>
						<line hits="1" number="38"/>
						<line hits="1" number="42"/>
						<line hits="1" number="47"/>
						<line hits="1" number="50"/>
						<line hits="1" number="53"/>
						<line hits="1" number="56"/>
						<line hits="1" number="59"/>
						<line hits="1" number="62"/>
						<line hits="1" number="65"/>
						<line hits="1" number="69"/>
						<line hits="1" number="72"/>
						<line hits="1" number="76"/>
						<line hits="1" number="79"/>
						<line hits="1" number="84"/>
						<line hits="1" number="87"/>
						<line hits="1" number="94"/>
						<line hits="1" number="97"/>
						<line hits="1" number="101"/>
						<line hits="1" number="104"/>
						<line hits="1" number="109"/>
						<line hits="1" number="112"/>
						<line hits="1" number="115"/>
						<line hits="1" number="118"/>
						<line hits="1" number="124"/>
						<line hits="1" number="127"/>
						<line hits="1" number="134"/>
						<line hits="1" number="137"/>
						<line hits="1" number="140"/>
						<line hits="1" number="143"/>
						<line hits="1" number="146"/>
						<line hits="1" number="151"/>
						<line branch="true" condition-coverage="100% (2/2)" hits="1" number="153"/>
						<line hits="1" number="158"/>
						<line hits="1" number="159"/>
						<line hits="1" number="164"/>
						<line hits="1" number="165"/>
						<line hits="1" number="166"/>
						<line hits="1" number="168"/>
						<line hits="1" number="173"/>
						<line hits="1" number="175"/>
						<line hits="1" number="177"/>
						<line hits="1" number="178"/>
						<line hits="1" number="180"/>
						<line hits="1" number="182"/>
						<line hits="1" number="183"/>
						<line branch="true" condition-coverage="100% (2/2)" hits="1" number="185"/>
						<line hits="1" number="186"/>
						<line branch="true" condition-coverage="100% (2/2)" hits="1" number="187"/>
						<line hits="1" number="188"/>
						<line branch="true" condition-coverage="100% (2/2)" hits="1" number="189"/>
						<line hits="1" number="190"/>
					</lines>
				</class>
			</classes>
		</package>
	</packages>
</coverage>
